C:\USERS\MARKO\DESKTOP\NUMDISOBRADOVIC\NUMDISOBRADOVIC\DEBUG\GLAVNI.OBJ
C:\USERS\MARKO\DESKTOP\NUMDISOBRADOVIC\NUMDISOBRADOVIC\DEBUG\POLINOMDEF.OBJ
C:\USERS\MARKO\DESKTOP\NUMDISOBRADOVIC\NUMDISOBRADOVIC\DEBUG\VC110.PDB
C:\USERS\MARKO\DESKTOP\NUMDISOBRADOVIC\DEBUG\NUMDISOBRADOVIC.ILK
C:\USERS\MARKO\DESKTOP\NUMDISOBRADOVIC\DEBUG\NUMDISOBRADOVIC.EXE
C:\USERS\MARKO\DESKTOP\NUMDISOBRADOVIC\DEBUG\NUMDISOBRADOVIC.PDB
C:\Users\Marko\Desktop\NumDisObradovic\NumDisObradovic\Debug\PolinomDef.obj
C:\Users\Marko\Desktop\NumDisObradovic\NumDisObradovic\Debug\cl.command.1.tlog
C:\Users\Marko\Desktop\NumDisObradovic\NumDisObradovic\Debug\CL.read.1.tlog
C:\Users\Marko\Desktop\NumDisObradovic\NumDisObradovic\Debug\CL.write.1.tlog
C:\Users\Marko\Desktop\NumDisObradovic\NumDisObradovic\Debug\link-cvtres.read.1.tlog
C:\Users\Marko\Desktop\NumDisObradovic\NumDisObradovic\Debug\link-cvtres.write.1.tlog
C:\Users\Marko\Desktop\NumDisObradovic\NumDisObradovic\Debug\link-rc.read.1.tlog
C:\Users\Marko\Desktop\NumDisObradovic\NumDisObradovic\Debug\link-rc.write.1.tlog
C:\Users\Marko\Desktop\NumDisObradovic\NumDisObradovic\Debug\link.5168-cvtres.read.1.tlog
C:\Users\Marko\Desktop\NumDisObradovic\NumDisObradovic\Debug\link.5168-cvtres.write.1.tlog
C:\Users\Marko\Desktop\NumDisObradovic\NumDisObradovic\Debug\link.5168-rc.read.1.tlog
C:\Users\Marko\Desktop\NumDisObradovic\NumDisObradovic\Debug\link.5168-rc.write.1.tlog
C:\Users\Marko\Desktop\NumDisObradovic\NumDisObradovic\Debug\link.5168.read.1.tlog
C:\Users\Marko\Desktop\NumDisObradovic\NumDisObradovic\Debug\link.5168.write.1.tlog
C:\Users\Marko\Desktop\NumDisObradovic\NumDisObradovic\Debug\link.command.1.tlog
C:\Users\Marko\Desktop\NumDisObradovic\NumDisObradovic\Debug\link.read.1.tlog
C:\Users\Marko\Desktop\NumDisObradovic\NumDisObradovic\Debug\link.write.1.tlog
C:\Users\Marko\Desktop\NumDisObradovic\NumDisObradovic\Debug\vc110.idb
C:\Users\Marko\Desktop\NumDisObradovic\NumDisObradovic\Debug\vc110.pdb
C:\Users\Marko\Desktop\NumDisObradovic\Debug\NumDisObradovic.pdb
C:\Users\Marko\Desktop\NumDisObradovic\Debug\NumDisObradovic.exe
C:\Users\Marko\Desktop\NumDisObradovic\Debug\NumDisObradovic.ilk
